c:\users\igor8\source\repos\mdlconverterv2\obj\x64\debug\riff.obj
c:\users\igor8\source\repos\mdlconverterv2\obj\x64\debug\mdlconverterv2.obj
c:\users\igor8\source\repos\mdlconverterv2\obj\x64\debug\dllentry.obj
c:\users\igor8\source\repos\mdlconverterv2\obj\x64\debug\p3dmaterial.obj
c:\users\igor8\source\repos\mdlconverterv2\obj\x64\debug\readstream.obj
c:\users\igor8\source\repos\mdlconverterv2\obj\x64\debug\writestream.obj
c:\users\igor8\source\repos\mdlconverterv2\obj\x64\debug\vc140.pdb
c:\users\igor8\source\repos\mdlconverterv2\obj\x64\debug\mdlconverterv2.res
c:\users\igor8\source\repos\mdlconverterv2\obj\x64\debug\mdlconverterv2.exp
c:\users\igor8\source\repos\mdlconverterv2\obj\x64\debug\mdlconverterv2.tlog\cl.12792.write.1.tlog
c:\users\igor8\source\repos\mdlconverterv2\obj\x64\debug\mdlconverterv2.tlog\cl.command.1.tlog
c:\users\igor8\source\repos\mdlconverterv2\obj\x64\debug\mdlconverterv2.tlog\cl.read.1.tlog
c:\users\igor8\source\repos\mdlconverterv2\obj\x64\debug\mdlconverterv2.tlog\link-cvtres.read.1.tlog
c:\users\igor8\source\repos\mdlconverterv2\obj\x64\debug\mdlconverterv2.tlog\link-cvtres.write.1.tlog
c:\users\igor8\source\repos\mdlconverterv2\obj\x64\debug\mdlconverterv2.tlog\link-rc.read.1.tlog
c:\users\igor8\source\repos\mdlconverterv2\obj\x64\debug\mdlconverterv2.tlog\link-rc.write.1.tlog
c:\users\igor8\source\repos\mdlconverterv2\obj\x64\debug\mdlconverterv2.tlog\link.command.1.tlog
c:\users\igor8\source\repos\mdlconverterv2\obj\x64\debug\mdlconverterv2.tlog\link.read.1.tlog
c:\users\igor8\source\repos\mdlconverterv2\obj\x64\debug\mdlconverterv2.tlog\link.write.1.tlog
c:\users\igor8\source\repos\mdlconverterv2\obj\x64\debug\mdlconverterv2.tlog\rc.command.1.tlog
c:\users\igor8\source\repos\mdlconverterv2\obj\x64\debug\mdlconverterv2.tlog\rc.read.1.tlog
c:\users\igor8\source\repos\mdlconverterv2\obj\x64\debug\mdlconverterv2.tlog\rc.write.1.tlog
