  MDLConverterv2.cpp
  P3DMaterial.cpp
c:\users\igor8\source\repos\mdlconverterv2\p3dmaterial.h(356): warning C4265: P3DMaterial: в классе есть виртуальные функции, но деструктор не является виртуальным
           экземпляры класса могут не быть корректно уничтожены (компилируется исходный файл MDLConverterv2.cpp)
  c:\users\igor8\source\repos\mdlconverterv2\mdlconverterv2.cpp(97): TODO: Returns the number of file name extensions supported by the plug-in.
  c:\users\igor8\source\repos\mdlconverterv2\mdlconverterv2.cpp(103): TODO: Return the 'i-th' file name extension (i.e. "3DS").
  c:\users\igor8\source\repos\mdlconverterv2\mdlconverterv2.cpp(109): TODO: Return long ASCII description (i.e. "Targa 2.0 Image File")
  c:\users\igor8\source\repos\mdlconverterv2\mdlconverterv2.cpp(115): TODO: Return short ASCII description (i.e. "Targa")
  c:\users\igor8\source\repos\mdlconverterv2\mdlconverterv2.cpp(121): TODO: Return ASCII Author name
  c:\users\igor8\source\repos\mdlconverterv2\mdlconverterv2.cpp(127): TODO: Return ASCII Copyright message
  c:\users\igor8\source\repos\mdlconverterv2\mdlconverterv2.cpp(145): TODO: Return Version number * 100 (i.e. v3.01 = 301)
c:\users\igor8\source\repos\mdlconverterv2\p3dmaterial.h(356): warning C4265: P3DMaterial: в классе есть виртуальные функции, но деструктор не является виртуальным
           экземпляры класса могут не быть корректно уничтожены (компилируется исходный файл P3DMaterial.cpp)
c:\users\igor8\source\repos\mdlconverterv2\p3dmaterial.cpp(27): warning C4189: NP: локальная переменная инициализирована, но не использована
c:\users\igor8\source\repos\mdlconverterv2\p3dmaterial.cpp(24): warning C4189: PID: локальная переменная инициализирована, но не использована
c:\users\igor8\source\repos\mdlconverterv2\mdlconverterv2.cpp(394): warning C4267: аргумент: преобразование из "size_t" в "int"; возможна потеря данных
c:\users\igor8\source\repos\mdlconverterv2\mdlconverterv2.cpp(408): warning C4267: аргумент: преобразование из "size_t" в "int"; возможна потеря данных
c:\users\igor8\source\repos\mdlconverterv2\mdlconverterv2.cpp(259): warning C4189: i: локальная переменная инициализирована, но не использована
c:\users\igor8\source\repos\mdlconverterv2\mdlconverterv2.cpp(631): warning C4267: аргумент: преобразование из "size_t" в "int"; возможна потеря данных
c:\users\igor8\source\repos\mdlconverterv2\mdlconverterv2.cpp(634): warning C4267: аргумент: преобразование из "size_t" в "int"; возможна потеря данных
c:\users\igor8\source\repos\mdlconverterv2\mdlconverterv2.cpp(635): warning C4267: аргумент: преобразование из "size_t" в "int"; возможна потеря данных
c:\users\igor8\source\repos\mdlconverterv2\mdlconverterv2.cpp(987): warning C4267: аргумент: преобразование из "size_t" в "int"; возможна потеря данных
c:\users\igor8\source\repos\mdlconverterv2\mdlconverterv2.cpp(1001): warning C4267: аргумент: преобразование из "size_t" в "int"; возможна потеря данных
c:\users\igor8\source\repos\mdlconverterv2\mdlconverterv2.cpp(513): warning C4189: m: локальная переменная инициализирована, но не использована
c:\users\igor8\source\repos\mdlconverterv2\mdlconverterv2.cpp(808): warning C4189: m: локальная переменная инициализирована, но не использована
c:\users\igor8\source\repos\mdlconverterv2\mdlconverterv2.cpp(860): warning C4189: au: локальная переменная инициализирована, но не использована
c:\users\igor8\source\repos\mdlconverterv2\mdlconverterv2.cpp(847): warning C4189: m: локальная переменная инициализирована, но не использована
c:\users\igor8\source\repos\mdlconverterv2\mdlconverterv2.cpp(876): warning C4189: m: локальная переменная инициализирована, но не использована
c:\users\igor8\source\repos\mdlconverterv2\mdlconverterv2.cpp(1079): warning C4800: BOOL: принудительно задано логическое значение "true" или "false" (предупреждение о производительности)
c:\users\igor8\source\repos\mdlconverterv2\mdlconverterv2.cpp(1077): warning C4189: m: локальная переменная инициализирована, но не использована
c:\users\igor8\source\repos\mdlconverterv2\mdlconverterv2.cpp(1082): warning C4189: m: локальная переменная инициализирована, но не использована
c:\users\igor8\source\repos\mdlconverterv2\mdlconverterv2.cpp(1091): warning C4100: filename: неиспользованный формальный параметр
c:\users\igor8\source\repos\mdlconverterv2\mdlconverterv2.cpp(1093): warning C4101: size: неиспользованная локальная переменная
  c:\users\igor8\source\repos\mdlconverterv2\mdlconverterv2.cpp(1231): TODO: Implement the actual file import here and
c:\users\igor8\source\repos\mdlconverterv2\mdlconverterv2.cpp(1229): warning C4100: suppressPrompts: неиспользованный формальный параметр
  LINK : не найден или не выполнена сборка I:\Program Files\Autodesk\3ds Max 2018\Plugins\MDLConverterv2.dli при последней инкрементной компоновке; выполняется полная компоновка
     Создается библиотека C:\Users\igor8\source\repos\MDLConverterv2\\obj\x64\Debug\\MDLConverterv2.lib и объект C:\Users\igor8\source\repos\MDLConverterv2\\obj\x64\Debug\\MDLConverterv2.exp
  MDLConverterv2.vcxproj -> I:\Program Files\Autodesk\3ds Max 2018\Plugins\MDLConverterv2.dli
  MDLConverterv2.vcxproj -> I:\Program Files\Autodesk\3ds Max 2018\Plugins\MDLConverterv2.dli.pdb (Full PDB)
