  RIFF.cpp
c:\users\igor8\source\repos\mdlconverterv2\riff.cpp(10): warning C4267: инициализация: преобразование из "size_t" в "DWORD"; возможна потеря данных
c:\users\igor8\source\repos\mdlconverterv2\riff.cpp(14): warning C4189: count: локальная переменная инициализирована, но не использована
c:\users\igor8\source\repos\mdlconverterv2\riff.cpp(54): warning C4238: нестандартное расширение: использование правостороннего значения класса в качестве левостороннего значения
c:\users\igor8\source\repos\mdlconverterv2\riff.cpp(56): warning C4238: нестандартное расширение: использование правостороннего значения класса в качестве левостороннего значения
c:\users\igor8\source\repos\mdlconverterv2\riff.cpp(57): warning C4238: нестандартное расширение: использование правостороннего значения класса в качестве левостороннего значения
c:\users\igor8\source\repos\mdlconverterv2\riff.cpp(64): warning C4238: нестандартное расширение: использование правостороннего значения класса в качестве левостороннего значения
c:\users\igor8\source\repos\mdlconverterv2\riff.cpp(66): warning C4238: нестандартное расширение: использование правостороннего значения класса в качестве левостороннего значения
c:\users\igor8\source\repos\mdlconverterv2\riff.cpp(67): warning C4238: нестандартное расширение: использование правостороннего значения класса в качестве левостороннего значения
c:\users\igor8\source\repos\mdlconverterv2\riff.cpp(74): warning C4238: нестандартное расширение: использование правостороннего значения класса в качестве левостороннего значения
c:\users\igor8\source\repos\mdlconverterv2\riff.cpp(76): warning C4238: нестандартное расширение: использование правостороннего значения класса в качестве левостороннего значения
c:\users\igor8\source\repos\mdlconverterv2\riff.cpp(78): warning C4238: нестандартное расширение: использование правостороннего значения класса в качестве левостороннего значения
c:\users\igor8\source\repos\mdlconverterv2\riff.cpp(94): warning C4238: нестандартное расширение: использование правостороннего значения класса в качестве левостороннего значения
c:\users\igor8\source\repos\mdlconverterv2\riff.cpp(98): warning C4238: нестандартное расширение: использование правостороннего значения класса в качестве левостороннего значения
c:\users\igor8\source\repos\mdlconverterv2\riff.cpp(99): warning C4238: нестандартное расширение: использование правостороннего значения класса в качестве левостороннего значения
c:\users\igor8\source\repos\mdlconverterv2\riff.cpp(110): warning C4238: нестандартное расширение: использование правостороннего значения класса в качестве левостороннего значения
c:\users\igor8\source\repos\mdlconverterv2\riff.cpp(112): warning C4238: нестандартное расширение: использование правостороннего значения класса в качестве левостороннего значения
c:\users\igor8\source\repos\mdlconverterv2\riff.cpp(113): warning C4238: нестандартное расширение: использование правостороннего значения класса в качестве левостороннего значения
c:\users\igor8\source\repos\mdlconverterv2\riff.cpp(114): warning C4238: нестандартное расширение: использование правостороннего значения класса в качестве левостороннего значения
c:\users\igor8\source\repos\mdlconverterv2\riff.cpp(497): warning C4267: инициализация: преобразование из "size_t" в "int"; возможна потеря данных
c:\users\igor8\source\repos\mdlconverterv2\riff.cpp(498): warning C4267: инициализация: преобразование из "size_t" в "int"; возможна потеря данных
c:\users\igor8\source\repos\mdlconverterv2\riff.cpp(96): warning C4101: str: неиспользованная локальная переменная
c:\users\igor8\source\repos\mdlconverterv2\riff.cpp(158): warning C4189: temp: локальная переменная инициализирована, но не использована
c:\users\igor8\source\repos\mdlconverterv2\riff.cpp(170): warning C4189: temp: локальная переменная инициализирована, но не использована
c:\users\igor8\source\repos\mdlconverterv2\riff.cpp(183): warning C4189: temp: локальная переменная инициализирована, но не использована
c:\users\igor8\source\repos\mdlconverterv2\riff.cpp(197): warning C4189: temp: локальная переменная инициализирована, но не использована
c:\users\igor8\source\repos\mdlconverterv2\riff.cpp(218): warning C4189: temp: локальная переменная инициализирована, но не использована
c:\users\igor8\source\repos\mdlconverterv2\riff.cpp(241): warning C4189: temp: локальная переменная инициализирована, но не использована
c:\users\igor8\source\repos\mdlconverterv2\riff.cpp(263): warning C4101: xpeer: неиспользованная локальная переменная
c:\users\igor8\source\repos\mdlconverterv2\riff.cpp(263): warning C4101: xthismatrix: неиспользованная локальная переменная
c:\users\igor8\source\repos\mdlconverterv2\riff.cpp(263): warning C4101: xparent: неиспользованная локальная переменная
c:\users\igor8\source\repos\mdlconverterv2\riff.cpp(263): warning C4101: xchild: неиспользованная локальная переменная
c:\users\igor8\source\repos\mdlconverterv2\riff.cpp(256): warning C4189: temp: локальная переменная инициализирована, но не использована
c:\users\igor8\source\repos\mdlconverterv2\riff.cpp(288): warning C4189: temp: локальная переменная инициализирована, но не использована
c:\users\igor8\source\repos\mdlconverterv2\riff.cpp(302): warning C4189: temp: локальная переменная инициализирована, но не использована
c:\users\igor8\source\repos\mdlconverterv2\riff.cpp(316): warning C4189: temp: локальная переменная инициализирована, но не использована
c:\users\igor8\source\repos\mdlconverterv2\riff.cpp(330): warning C4189: temp: локальная переменная инициализирована, но не использована
c:\users\igor8\source\repos\mdlconverterv2\riff.cpp(432): warning C4189: temp: локальная переменная инициализирована, но не использована
c:\users\igor8\source\repos\mdlconverterv2\riff.cpp(817): warning C4315: SAnimation: указатель "this" для члена "SAnimation::typeParam" не может быть выровнен 8 как требуется для конструктора
  c:\users\igor8\source\repos\mdlconverterv2\riff.cpp(817): note: Сообщение диагностики возникло в созданной компилятором функции "SAnimation::SAnimation(const SAnimation &)"
c:\users\igor8\source\repos\mdlconverterv2\riff.cpp(817): warning C4315: SATTO: указатель "this" для члена "SATTO::fxName" не может быть выровнен 8 как требуется для конструктора
  c:\users\igor8\source\repos\mdlconverterv2\riff.cpp(817): note: Сообщение диагностики возникло в созданной компилятором функции "SATTO::SATTO(const SATTO &)"
c:\users\igor8\source\repos\mdlconverterv2\riff.cpp(817): warning C4315: SATTO: указатель "this" для члена "SATTO::params" не может быть выровнен 8 как требуется для конструктора
  c:\users\igor8\source\repos\mdlconverterv2\riff.cpp(817): note: Сообщение диагностики возникло в созданной компилятором функции "SATTO::SATTO(const SATTO &)"
c:\users\igor8\source\repos\mdlconverterv2\riff.cpp(817): warning C4315: SATTO: указатель "this" для члена "SATTO::attachPoint" не может быть выровнен 8 как требуется для конструктора
  c:\users\igor8\source\repos\mdlconverterv2\riff.cpp(817): note: Сообщение диагностики возникло в созданной компилятором функции "SATTO::SATTO(const SATTO &)"
c:\users\igor8\source\repos\mdlconverterv2\riff.cpp(817): warning C4315: SREFP: указатель "this" для члена "SREFP::name" не может быть выровнен 8 как требуется для конструктора
  c:\users\igor8\source\repos\mdlconverterv2\riff.cpp(817): note: Сообщение диагностики возникло в созданной компилятором функции "SREFP::SREFP(const SREFP &)"
  pugixml.lib(pugixml.obj) : найден .netmodule MSIL или модуль, откомпилированный с параметром /GL; перезапускается компоновка с параметром /LTCG; добавьте /LTCG в командную строку компоновки для повышения производительности компоновщика
     ╤ючфрхЄё  сшсышюЄхър C:\Users\igor8\source\repos\MDLConverterv2\\obj\x64\Release\\MDLConverterv2.lib ш юс·хъЄ C:\Users\igor8\source\repos\MDLConverterv2\\obj\x64\Release\\MDLConverterv2.exp
  ╤ючфрэшх ъюфр
  ╤ючфрэшх ъюфр чртхЁ°хэю
  MDLConverterv2.vcxproj -> I:\Program Files\Autodesk\3ds Max 2018\Plugins\MDLConverterv2.dli
  MDLConverterv2.vcxproj -> I:\Program Files\Autodesk\3ds Max 2018\Plugins\MDLConverterv2.dli.pdb (Full PDB)
