c:\users\igor8\source\repos\mdlconverterv2\obj\x64\release\mdlconverterv2.obj
c:\users\igor8\source\repos\mdlconverterv2\obj\x64\release\p3dmaterial.obj
c:\users\igor8\source\repos\mdlconverterv2\obj\x64\release\dllentry.obj
c:\users\igor8\source\repos\mdlconverterv2\obj\x64\release\riff.obj
c:\users\igor8\source\repos\mdlconverterv2\obj\x64\release\readstream.obj
c:\users\igor8\source\repos\mdlconverterv2\obj\x64\release\writestream.obj
c:\users\igor8\source\repos\mdlconverterv2\obj\x64\release\vc140.pdb
i:\program files\autodesk\3ds max 2018\plugins\mdlconverterv2.dli
i:\program files\autodesk\3ds max 2018\plugins\mdlconverterv2.dli.pdb
c:\users\igor8\source\repos\mdlconverterv2\obj\x64\release\mdlconverterv2.lib
c:\users\igor8\source\repos\mdlconverterv2\obj\x64\release\mdlconverterv2.exp
c:\users\igor8\source\repos\mdlconverterv2\obj\x64\release\mdlconverterv2.res
c:\users\igor8\source\repos\mdlconverterv2\obj\x64\release\mdlconverterv2.tlog\cl.command.1.tlog
c:\users\igor8\source\repos\mdlconverterv2\obj\x64\release\mdlconverterv2.tlog\cl.read.1.tlog
c:\users\igor8\source\repos\mdlconverterv2\obj\x64\release\mdlconverterv2.tlog\cl.write.1.tlog
c:\users\igor8\source\repos\mdlconverterv2\obj\x64\release\mdlconverterv2.tlog\link.command.1.tlog
c:\users\igor8\source\repos\mdlconverterv2\obj\x64\release\mdlconverterv2.tlog\link.read.1.tlog
c:\users\igor8\source\repos\mdlconverterv2\obj\x64\release\mdlconverterv2.tlog\link.write.1.tlog
c:\users\igor8\source\repos\mdlconverterv2\obj\x64\release\mdlconverterv2.tlog\mdlconverterv2.write.1u.tlog
c:\users\igor8\source\repos\mdlconverterv2\obj\x64\release\mdlconverterv2.tlog\rc.command.1.tlog
c:\users\igor8\source\repos\mdlconverterv2\obj\x64\release\mdlconverterv2.tlog\rc.read.1.tlog
c:\users\igor8\source\repos\mdlconverterv2\obj\x64\release\mdlconverterv2.tlog\rc.write.1.tlog
